<?xml version="1.0" encoding="UTF-8"?>
<!-- Generated by org.testng.reporters.JUnitReportReporter -->
<testsuite hostname="DESKTOP-J9D7PTK" failures="0" tests="1" name="com.orangehrm.qa.testpages.Demo" time="0.018" errors="0" timestamp="2022-08-04T16:21:41 IST" skipped="0">
  <testcase classname="com.orangehrm.qa.testpages.Demo" name="test" time="0.018"/>
  <system-out/>
</testsuite> <!-- com.orangehrm.qa.testpages.Demo -->
